<?xml version="1.0" encoding="UTF-8"?>
<!-- Generated by org.testng.reporters.JUnitReportReporter -->
<testsuite hostname="MacBook-Pro.local" failures="0" tests="4" name="e2eTesting.DataProviderExcelSample" time="0.015" errors="0" timestamp="2023-09-24T15:42:27 PDT" skipped="0">
  <testcase classname="e2eTesting.DataProviderExcelSample" name="test" time="0.002"/>
  <testcase classname="e2eTesting.DataProviderExcelSample" name="test" time="0.002"/>
  <testcase classname="e2eTesting.DataProviderExcelSample" name="test" time="0.001"/>
  <testcase classname="e2eTesting.DataProviderExcelSample" name="test" time="0.010"/>
</testsuite> <!-- e2eTesting.DataProviderExcelSample -->
