<?xml version="1.0" encoding="UTF-8"?>
<!-- Generated by org.testng.reporters.JUnitReportReporter -->
<testsuite hostname="MacBook-Pro.local" failures="0" tests="1" name="e2eTesting.EcommerceTesting" time="30.968" errors="0" timestamp="2023-09-23T11:50:32 PDT" skipped="0">
  <testcase classname="e2eTesting.EcommerceTesting" name="buyItem" time="30.968"/>
</testsuite> <!-- e2eTesting.EcommerceTesting -->
