<?xml version="1.0" encoding="UTF-8"?>
<!-- Generated by org.testng.reporters.JUnitReportReporter -->
<testsuite hostname="MacBook-Pro.local" failures="0" tests="3" name="e2eTesting.EcommercePageFactoryTesting" time="105.361" errors="0" timestamp="2023-09-25T11:22:44 PDT" skipped="0">
  <testcase classname="e2eTesting.EcommercePageFactoryTesting" name="test" time="36.713"/>
  <testcase classname="e2eTesting.EcommercePageFactoryTesting" name="test" time="38.649"/>
  <testcase classname="e2eTesting.EcommercePageFactoryTesting" name="orderTest" time="29.999"/>
</testsuite> <!-- e2eTesting.EcommercePageFactoryTesting -->
