<?xml version="1.0" encoding="UTF-8"?>
<!-- Generated by org.testng.reporters.JUnitReportReporter -->
<testsuite hostname="MacBook-Pro.local" failures="0" tests="3" name="e2eTesting.EcommercePageFactoryTesting" time="81.349" errors="0" timestamp="2023-09-25T14:14:42 PDT" skipped="0">
  <testcase classname="e2eTesting.EcommercePageFactoryTesting" name="orderTest" time="21.488"/>
  <testcase classname="e2eTesting.EcommercePageFactoryTesting" name="test" time="26.258"/>
  <testcase classname="e2eTesting.EcommercePageFactoryTesting" name="test" time="33.603"/>
</testsuite> <!-- e2eTesting.EcommercePageFactoryTesting -->
