<?xml version="1.0" encoding="UTF-8"?>
<!-- Generated by org.testng.reporters.JUnitReportReporter -->
<testsuite hostname="MacBook-Pro.local" failures="0" tests="3" name="e2eTesting.EcommercePageFactoryTesting" time="78.334" errors="0" timestamp="2023-09-25T11:48:10 PDT" skipped="0">
  <testcase classname="e2eTesting.EcommercePageFactoryTesting" name="orderTest" time="21.671"/>
  <testcase classname="e2eTesting.EcommercePageFactoryTesting" name="test" time="25.760"/>
  <testcase classname="e2eTesting.EcommercePageFactoryTesting" name="test" time="30.903"/>
</testsuite> <!-- e2eTesting.EcommercePageFactoryTesting -->
