<?xml version="1.0" encoding="UTF-8"?>
<!-- Generated by org.testng.reporters.JUnitReportReporter -->
<testsuite hostname="MacBook-Pro.local" failures="0" tests="1" name="e2eTesting.CarLoan" time="0.001" errors="0" timestamp="2023-09-20T10:42:54 PDT" skipped="0">
  <testcase classname="e2eTesting.CarLoan" name="carloanMethod" time="0.001"/>
</testsuite> <!-- e2eTesting.CarLoan -->
